<?xml version="1.0" encoding="UTF-8"?>
<!-- Generated by org.testng.reporters.JUnitXMLReporter -->
<testsuite ignored="0" hostname="DESKTOP-781TC0U" failures="0" tests="3" name="Default test" time="28.172" errors="0" timestamp="2022-04-25T15:34:55 EDT">
  <testcase classname="LoginTest.MainFM.ErrorFix" name="login" time="2.118"/>
  <testcase classname="LoginTest.MainFM.ErrorFix" name="login" time="1.229"/>
  <testcase classname="LoginTest.MainFM.ErrorFix" name="login" time="1.178"/>
</testsuite> <!-- Default test -->
