<?xml version="1.0" encoding="UTF-8"?>
<testng-results ignored="0" total="3" passed="3" failed="0" skipped="0">
  <reporter-output>
  </reporter-output>
  <suite started-at="2022-04-25T15:34:27 EDT" name="Default suite" finished-at="2022-04-25T15:34:55 EDT" duration-ms="28172">
    <groups>
    </groups>
    <test started-at="2022-04-25T15:34:27 EDT" name="Default test" finished-at="2022-04-25T15:34:55 EDT" duration-ms="28172">
      <class name="LoginTest.MainFM.ErrorFix">
        <test-method is-config="true" signature="setUp()[pri:0, instance:LoginTest.MainFM.ErrorFix@710636b0]" started-at="2022-04-25T15:34:28 EDT" name="setUp" finished-at="2022-04-25T15:34:36 EDT" duration-ms="7888" status="PASS">
          <reporter-output>
          </reporter-output>
        </test-method> <!-- setUp -->
        <test-method signature="login(java.lang.String,java.lang.String)[pri:0, instance:LoginTest.MainFM.ErrorFix@710636b0]" started-at="2022-04-25T15:34:36 EDT" name="login" data-provider="getdata" finished-at="2022-04-25T15:34:38 EDT" duration-ms="2118" status="PASS">
          <params>
            <param index="0">
              <value>
                <![CDATA[Admin]]>
              </value>
            </param>
            <param index="1">
              <value>
                <![CDATA[admin123]]>
              </value>
            </param>
          </params>
          <reporter-output>
          </reporter-output>
        </test-method> <!-- login -->
        <test-method is-config="true" signature="tearDown(org.testng.ITestResult)[pri:0, instance:LoginTest.MainFM.ErrorFix@710636b0]" started-at="2022-04-25T15:34:38 EDT" name="tearDown" finished-at="2022-04-25T15:34:39 EDT" duration-ms="405" status="PASS">
          <params>
            <param index="0">
              <value>
                <![CDATA[[TestResult name=login status=SUCCESS method=ErrorFix.login(java.lang.String,java.lang.String)[pri:0, instance:LoginTest.MainFM.ErrorFix@710636b0] output={null}]]]>
              </value>
            </param>
          </params>
          <reporter-output>
          </reporter-output>
        </test-method> <!-- tearDown -->
        <test-method is-config="true" signature="setUp()[pri:0, instance:LoginTest.MainFM.ErrorFix@710636b0]" started-at="2022-04-25T15:34:39 EDT" name="setUp" finished-at="2022-04-25T15:34:46 EDT" duration-ms="6669" status="PASS">
          <reporter-output>
          </reporter-output>
        </test-method> <!-- setUp -->
        <test-method signature="login(java.lang.String,java.lang.String)[pri:0, instance:LoginTest.MainFM.ErrorFix@710636b0]" started-at="2022-04-25T15:34:46 EDT" name="login" data-provider="getdata" finished-at="2022-04-25T15:34:47 EDT" duration-ms="1229" status="PASS">
          <params>
            <param index="0">
              <value>
                <![CDATA[shanthi]]>
              </value>
            </param>
            <param index="1">
              <value>
                <![CDATA[shanthi123]]>
              </value>
            </param>
          </params>
          <reporter-output>
          </reporter-output>
        </test-method> <!-- login -->
        <test-method is-config="true" signature="tearDown(org.testng.ITestResult)[pri:0, instance:LoginTest.MainFM.ErrorFix@710636b0]" started-at="2022-04-25T15:34:47 EDT" name="tearDown" finished-at="2022-04-25T15:34:47 EDT" duration-ms="351" status="PASS">
          <params>
            <param index="0">
              <value>
                <![CDATA[[TestResult name=login status=SUCCESS method=ErrorFix.login(java.lang.String,java.lang.String)[pri:0, instance:LoginTest.MainFM.ErrorFix@710636b0] output={null}]]]>
              </value>
            </param>
          </params>
          <reporter-output>
          </reporter-output>
        </test-method> <!-- tearDown -->
        <test-method is-config="true" signature="setUp()[pri:0, instance:LoginTest.MainFM.ErrorFix@710636b0]" started-at="2022-04-25T15:34:47 EDT" name="setUp" finished-at="2022-04-25T15:34:54 EDT" duration-ms="6397" status="PASS">
          <reporter-output>
          </reporter-output>
        </test-method> <!-- setUp -->
        <test-method signature="login(java.lang.String,java.lang.String)[pri:0, instance:LoginTest.MainFM.ErrorFix@710636b0]" started-at="2022-04-25T15:34:54 EDT" name="login" data-provider="getdata" finished-at="2022-04-25T15:34:55 EDT" duration-ms="1178" status="PASS">
          <params>
            <param index="0">
              <value>
                <![CDATA[null]]>
              </value>
            </param>
            <param index="1">
              <value>
                <![CDATA[null]]>
              </value>
            </param>
          </params>
          <reporter-output>
          </reporter-output>
        </test-method> <!-- login -->
        <test-method is-config="true" signature="tearDown(org.testng.ITestResult)[pri:0, instance:LoginTest.MainFM.ErrorFix@710636b0]" started-at="2022-04-25T15:34:55 EDT" name="tearDown" finished-at="2022-04-25T15:34:55 EDT" duration-ms="308" status="PASS">
          <params>
            <param index="0">
              <value>
                <![CDATA[[TestResult name=login status=SUCCESS method=ErrorFix.login(java.lang.String,java.lang.String)[pri:0, instance:LoginTest.MainFM.ErrorFix@710636b0] output={null}]]]>
              </value>
            </param>
          </params>
          <reporter-output>
          </reporter-output>
        </test-method> <!-- tearDown -->
      </class> <!-- LoginTest.MainFM.ErrorFix -->
    </test> <!-- Default test -->
  </suite> <!-- Default suite -->
</testng-results>
