<?xml version="1.0" encoding="UTF-8"?>
<testng-results ignored="0" total="3" passed="3" failed="0" skipped="0">
  <reporter-output>
  </reporter-output>
  <suite started-at="2022-04-17T23:28:28 EDT" name="Default suite" finished-at="2022-04-17T23:29:11 EDT" duration-ms="43222">
    <groups>
    </groups>
    <test started-at="2022-04-17T23:28:28 EDT" name="Default test" finished-at="2022-04-17T23:29:11 EDT" duration-ms="43222">
      <class name="LoginTest.MainFM.TestCase_LogInOrangeHRM">
        <test-method is-config="true" signature="setUp()[pri:0, instance:LoginTest.MainFM.TestCase_LogInOrangeHRM@710636b0]" started-at="2022-04-17T23:28:36 EDT" name="setUp" finished-at="2022-04-17T23:28:49 EDT" duration-ms="12885" status="PASS">
          <reporter-output>
          </reporter-output>
        </test-method> <!-- setUp -->
        <test-method signature="login_TestCase(java.lang.String,java.lang.String)[pri:0, instance:LoginTest.MainFM.TestCase_LogInOrangeHRM@710636b0]" started-at="2022-04-17T23:28:49 EDT" name="login_TestCase" data-provider="getdata" finished-at="2022-04-17T23:28:51 EDT" duration-ms="2101" status="PASS">
          <params>
            <param index="0">
              <value>
                <![CDATA[Admin]]>
              </value>
            </param>
            <param index="1">
              <value>
                <![CDATA[admin123]]>
              </value>
            </param>
          </params>
          <reporter-output>
          </reporter-output>
        </test-method> <!-- login_TestCase -->
        <test-method is-config="true" signature="tearDown()[pri:0, instance:LoginTest.MainFM.TestCase_LogInOrangeHRM@710636b0]" started-at="2022-04-17T23:28:51 EDT" name="tearDown" finished-at="2022-04-17T23:28:52 EDT" duration-ms="735" status="PASS">
          <reporter-output>
          </reporter-output>
        </test-method> <!-- tearDown -->
        <test-method is-config="true" signature="setUp()[pri:0, instance:LoginTest.MainFM.TestCase_LogInOrangeHRM@710636b0]" started-at="2022-04-17T23:28:52 EDT" name="setUp" finished-at="2022-04-17T23:29:01 EDT" duration-ms="9101" status="PASS">
          <reporter-output>
          </reporter-output>
        </test-method> <!-- setUp -->
        <test-method signature="login_TestCase(java.lang.String,java.lang.String)[pri:0, instance:LoginTest.MainFM.TestCase_LogInOrangeHRM@710636b0]" started-at="2022-04-17T23:29:01 EDT" name="login_TestCase" data-provider="getdata" finished-at="2022-04-17T23:29:02 EDT" duration-ms="1123" status="PASS">
          <params>
            <param index="0">
              <value>
                <![CDATA[shan]]>
              </value>
            </param>
            <param index="1">
              <value>
                <![CDATA[shan25]]>
              </value>
            </param>
          </params>
          <reporter-output>
          </reporter-output>
        </test-method> <!-- login_TestCase -->
        <test-method is-config="true" signature="tearDown()[pri:0, instance:LoginTest.MainFM.TestCase_LogInOrangeHRM@710636b0]" started-at="2022-04-17T23:29:02 EDT" name="tearDown" finished-at="2022-04-17T23:29:02 EDT" duration-ms="168" status="PASS">
          <reporter-output>
          </reporter-output>
        </test-method> <!-- tearDown -->
        <test-method is-config="true" signature="setUp()[pri:0, instance:LoginTest.MainFM.TestCase_LogInOrangeHRM@710636b0]" started-at="2022-04-17T23:29:02 EDT" name="setUp" finished-at="2022-04-17T23:29:11 EDT" duration-ms="8437" status="PASS">
          <reporter-output>
          </reporter-output>
        </test-method> <!-- setUp -->
        <test-method signature="login_TestCase(java.lang.String,java.lang.String)[pri:0, instance:LoginTest.MainFM.TestCase_LogInOrangeHRM@710636b0]" started-at="2022-04-17T23:29:11 EDT" name="login_TestCase" data-provider="getdata" finished-at="2022-04-17T23:29:11 EDT" duration-ms="250" status="PASS">
          <params>
            <param index="0">
              <value>
                <![CDATA[]]>
              </value>
            </param>
            <param index="1">
              <value>
                <![CDATA[]]>
              </value>
            </param>
          </params>
          <reporter-output>
          </reporter-output>
        </test-method> <!-- login_TestCase -->
        <test-method is-config="true" signature="tearDown()[pri:0, instance:LoginTest.MainFM.TestCase_LogInOrangeHRM@710636b0]" started-at="2022-04-17T23:29:11 EDT" name="tearDown" finished-at="2022-04-17T23:29:11 EDT" duration-ms="203" status="PASS">
          <reporter-output>
          </reporter-output>
        </test-method> <!-- tearDown -->
      </class> <!-- LoginTest.MainFM.TestCase_LogInOrangeHRM -->
    </test> <!-- Default test -->
  </suite> <!-- Default suite -->
</testng-results>
